[handleMsg]:  {
  key: {
    remoteJid: '56981295032@s.whatsapp.net',
    fromMe: false,
    id: '3EB0FF7CBBAE570C874416',
    participant: undefined
  },
  messageTimestamp: 1680730310,
  pushName: 'Sebastián',
  message: Message {
    conversation: 'hola',
    messageContextInfo: MessageContextInfo {
      deviceListMetadata: [DeviceListMetadata],
      deviceListMetadataVersion: 2
    }
  },
  body: 'hola',
  from: '56981295032'
}
[handleMsg]:  {
  key: {
    remoteJid: '56981295032@s.whatsapp.net',
    fromMe: false,
    id: '3EB09BD9FB5C6EB09978E2',
    participant: undefined
  },
  messageTimestamp: 1680730313,
  pushName: 'Sebastián',
  message: Message {
    conversation: 'sebastian',
    messageContextInfo: MessageContextInfo {
      deviceListMetadata: [DeviceListMetadata],
      deviceListMetadataVersion: 2
    }
  },
  body: 'sebastian',
  from: '56981295032'
}
[handleMsg]:  {
  key: {
    remoteJid: '56981295032@s.whatsapp.net',
    fromMe: false,
    id: '3EB00BBDDD6B832B582895',
    participant: undefined
  },
  messageTimestamp: 1680730315,
  pushName: 'Sebastián',
  message: Message {
    conversation: 'solar',
    messageContextInfo: MessageContextInfo {
      deviceListMetadata: [DeviceListMetadata],
      deviceListMetadataVersion: 2
    }
  },
  body: 'solar',
  from: '56981295032'
}
[handleMsg]:  {
  key: {
    remoteJid: '56981295032@s.whatsapp.net',
    fromMe: false,
    id: '3EB0CDAB24BCBF0D3020E7',
    participant: undefined
  },
  messageTimestamp: 1680730317,
  pushName: 'Sebastián',
  message: Message {
    conversation: 'cuevas',
    messageContextInfo: MessageContextInfo {
      deviceListMetadata: [DeviceListMetadata],
      deviceListMetadataVersion: 2
    }
  },
  body: 'cuevas',
  from: '56981295032'
}
[handleMsg]:  {
  key: {
    remoteJid: '56981295032@s.whatsapp.net',
    fromMe: false,
    id: '3EB079225DF403CCAB480A',
    participant: undefined
  },
  messageTimestamp: 1680730322,
  pushName: 'Sebastián',
  message: Message {
    conversation: 'sebastian.solar@szc.cl',
    messageContextInfo: MessageContextInfo {
      deviceListMetadata: [DeviceListMetadata],
      deviceListMetadataVersion: 2
    }
  },
  body: 'sebastian.solar@szc.cl',
  from: '56981295032'
}
